<?xml version="1.0" encoding="UTF-8"?>
<!-- Generated by org.testng.reporters.JUnitReportReporter -->
<testsuite skipped="0" hostname="Vigneshs-MacBook-Air-3.local" name="SeleniumInterviewQuestions.AlwaysRunInTestNG" tests="2" failures="0" timestamp="2020-09-15T19:51:33 IST" time="2.033" errors="1">
  <testcase name="loveMarriage" time="0.006" classname="SeleniumInterviewQuestions.AlwaysRunInTestNG"/>
  <testcase name="parentsPermission" time="2.027" classname="SeleniumInterviewQuestions.AlwaysRunInTestNG">
    <error type="org.testng.internal.thread.ThreadTimeoutException" message="Method SeleniumInterviewQuestions.AlwaysRunInTestNG.parentsPermission() didn&#039;t finish within the time-out 2000">
      <![CDATA[org.testng.internal.thread.ThreadTimeoutException: Method SeleniumInterviewQuestions.AlwaysRunInTestNG.parentsPermission() didn't finish within the time-out 2000
at sun.misc.Unsafe.compareAndSwapInt(Native Method)
at java.util.concurrent.atomic.AtomicInteger.compareAndSet(AtomicInteger.java:133)
at java.util.concurrent.ThreadPoolExecutor.compareAndDecrementWorkerCount(ThreadPoolExecutor.java:425)
at java.util.concurrent.ThreadPoolExecutor.decrementWorkerCount(ThreadPoolExecutor.java:434)
at java.util.concurrent.ThreadPoolExecutor.getTask(ThreadPoolExecutor.java:1055)
at java.util.concurrent.ThreadPoolExecutor.runWorker(ThreadPoolExecutor.java:1134)
at java.util.concurrent.ThreadPoolExecutor$Worker.run(ThreadPoolExecutor.java:624)
at java.lang.Thread.run(Thread.java:748)
]]>
    </error>
  </testcase> <!-- parentsPermission -->
</testsuite> <!-- SeleniumInterviewQuestions.AlwaysRunInTestNG -->
